message
üß™ –§—É–Ω–∫—Ü–∏–æ–Ω–∞–ª—å–Ω—ã–µ —Ç–µ—Å—Ç—ã
------------------------------
‚ùå –û—à–∏–±–∫–∞ –≤ —Ç–µ—Å—Ç–µ: FAILED logic/tests/collaborative_tests.py::test_fit_and_recommend_on_generated[1]
‚ùå –û—à–∏–±–∫–∞ –≤ —Ç–µ—Å—Ç–µ: FAILED logic/tests/collaborative_tests.py::test_fit_and_recommend_on_generated[2]
‚ùå –û—à–∏–±–∫–∞ –≤ —Ç–µ—Å—Ç–µ: FAILED logic/tests/collaborative_tests.py::test_fit_and_recommend_on_generated[3]
‚ùå –û—à–∏–±–∫–∞ –≤ —Ç–µ—Å—Ç–µ: FAILED logic/tests/collaborative_tests.py::test_recommend_items_not_seen - Ty...
‚ùå –û—à–∏–±–∫–∞ –≤ —Ç–µ—Å—Ç–µ: FAILED logic/tests/collaborative_tests.py::test_repeat_fit_stability - TypeEr...
""
üé® –°—Ç–∏–ª—å –∫–æ–¥–∞ (flake8)
------------------------------
‚ùå flake8: –ù–∞–π–¥–µ–Ω—ã –ø—Ä–æ–±–ª–µ–º—ã —Å–æ —Å—Ç–∏–ª–µ–º:
solutions/solution.py:5:1: F401 'sklearn.model_selection.train_test_split' imported but unused
"solutions/solution.py:16:1: E302 expected 2 blank lines, found 1"
solutions/solution.py:20:39: W291 trailing whitespace
solutions/solution.py:37:41: E127 continuation line over-indented for visual indent
"solutions/solution.py:42:1: E302 expected 2 blank lines, found 1"
solutions/solution.py:47:24: W291 trailing whitespace
solutions/solution.py:49:5: F824 `global user_item_matrix` is unused: name is never assigned in scope
solutions/solution.py:49:5: F824 `global item_similarity` is unused: name is never assigned in scope
solutions/solution.py:49:5: F824 `global users` is unused: name is never assigned in scope
solutions/solution.py:49:5: F824 `global items` is unused: name is never assigned in scope
"solutions/solution.py:87:1: E302 expected 2 blank lines, found 1"
solutions/solution.py:89:5: F824 `global user_item_matrix` is unused: name is never assigned in scope
solutions/solution.py:89:5: F824 `global item_similarity` is unused: name is never assigned in scope
solutions/solution.py:89:5: F824 `global users` is unused: name is never assigned in scope
solutions/solution.py:89:5: F824 `global items` is unused: name is never assigned in scope
solutions/solution.py:120:80: E501 line too long (103 > 79 characters)
solutions/solution.py:121:46: W291 trailing whitespace
solutions/solution.py:141:1: E303 too many blank lines (3)
solutions/solution.py:141:80: E501 line too long (113 > 79 characters)
solutions/solution.py:142:80: E501 line too long (115 > 79 characters)
solutions/solution.py:142:116: W292 no newline at end of file
""
""
üß± –§–æ—Ä–º–∞—Ç–∏—Ä–æ–≤–∞–Ω–∏–µ –∫–æ–¥–∞ (black)
------------------------------
‚ùå black: –§–æ—Ä–º–∞—Ç–∏—Ä–æ–≤–∞–Ω–∏–µ –æ—Ç–ª–∏—á–∞–µ—Ç—Å—è –æ—Ç —Å—Ç–∞–Ω–¥–∞—Ä—Ç–∞ black.
""
üìã –ü–æ–¥—Ä–æ–±–Ω–æ—Å—Ç–∏:
