message
ðŸ§ª Ð¤ÑƒÐ½ÐºÑ†Ð¸Ð¾Ð½Ð°Ð»ÑŒÐ½Ñ‹Ðµ Ñ‚ÐµÑÑ‚Ñ‹
------------------------------
âŒ ÐÐµÐºÐ¾Ñ‚Ð¾Ñ€Ñ‹Ðµ Ñ„ÑƒÐ½ÐºÑ†Ð¸Ð¾Ð½Ð°Ð»ÑŒÐ½Ñ‹Ðµ Ñ‚ÐµÑÑ‚Ñ‹ Ð½Ðµ Ð¿Ñ€Ð¾Ð¹Ð´ÐµÐ½Ñ‹:
""
============================= test session starts =============================
"platform win32 -- Python 3.13.5, pytest-8.4.1, pluggy-1.6.0"
rootdir: C:\Users\mira1\OneDrive\Ð”Ð¾ÐºÑƒÐ¼ÐµÐ½Ñ‚Ñ‹\ÐŸÐ¾Ð»Ð¸Ñ‚ÐµÑ…\3 ÐºÑƒÑ€Ñ\6 ÑÐµÐ¼ÐµÑÑ‚Ñ€\ÐŸÑ€Ð°ÐºÑ‚Ð¸ÐºÐ°\recom_sys_checker
collected 11 items
""
logic\tests\collaborative_tests.py ........Fss
""
================================== FAILURES ===================================
________________________ test_evaluate_precision_at_2 _________________________
""
"task_info = {'algorithm': 'k-NN', 'dataset': 'movie_ratings.csv', 'filter_type': 'item_based', 'k': 20, ...}"
""
    def test_evaluate_precision_at_2(task_info):
"        if task_info[""metric""] != ""precision@2"":"
"            pytest.skip(""ÐœÐµÑ‚Ñ€Ð¸ÐºÐ° Ð² Ð·Ð°Ð´Ð°Ð½Ð¸Ð¸ Ð½Ðµ precision@2"")"
    
        train = get_dummy_data(seed=42)
        solution = load_solution_module()
        solution.fit(train)
    
"        user_id = train[""user_id""].iloc[0]"
        k = 2
    
        test = pd.DataFrame([
"            {""user_id"": user_id, ""item"": 101, ""rating"": 5},  # Ñ€ÐµÐ»ÐµÐ²Ð°Ð½Ñ‚Ð½Ñ‹Ð¹"
"            {""user_id"": user_id, ""item"": 100, ""rating"": 2},  # Ð½Ðµ Ñ€ÐµÐ»ÐµÐ²Ð°Ð½Ñ‚Ð½Ñ‹Ð¹"
        ])
    
"        recs = solution.recommend(user_id, k=k)"
    
        relevant_items = {100}
        hits = len(set(recs) & relevant_items)
        expected_precision = hits / k
    
        result = solution.evaluate(test)
    
"        assert isinstance(result, float)"
>       assert abs(result - expected_precision) < 0.01
E       assert 1.7670461673476472 < 0.01
E        +  where 1.7670461673476472 = abs((1.7670461673476472 - 0.0))
""
logic\tests\collaborative_tests.py:155: AssertionError
=========================== short test summary info ===========================
FAILED logic/tests/collaborative_tests.py::test_evaluate_precision_at_2 - ass...
"=================== 1 failed, 8 passed, 2 skipped in 1.30s ===================="
""
""
""
""
ðŸŽ¨ Ð¡Ñ‚Ð¸Ð»ÑŒ ÐºÐ¾Ð´Ð° (flake8)
------------------------------
âŒ flake8: ÐÐ°Ð¹Ð´ÐµÐ½Ñ‹ Ð¿Ñ€Ð¾Ð±Ð»ÐµÐ¼Ñ‹ ÑÐ¾ ÑÑ‚Ð¸Ð»ÐµÐ¼:
solution.py:0:1: E902 FileNotFoundError: [Errno 2] No such file or directory: 'solution.py'
""
""
ðŸ§± Ð¤Ð¾Ñ€Ð¼Ð°Ñ‚Ð¸Ñ€Ð¾Ð²Ð°Ð½Ð¸Ðµ ÐºÐ¾Ð´Ð° (black)
------------------------------
âŒ black: Ð¤Ð¾Ñ€Ð¼Ð°Ñ‚Ð¸Ñ€Ð¾Ð²Ð°Ð½Ð¸Ðµ Ð¾Ñ‚Ð»Ð¸Ñ‡Ð°ÐµÑ‚ÑÑ Ð¾Ñ‚ ÑÑ‚Ð°Ð½Ð´Ð°Ñ€Ñ‚Ð° black.
""
ðŸ“‹ ÐŸÐ¾Ð´Ñ€Ð¾Ð±Ð½Ð¾ÑÑ‚Ð¸:
