message
ðŸ§ª Ð¤ÑƒÐ½ÐºÑ†Ð¸Ð¾Ð½Ð°Ð»ÑŒÐ½Ñ‹Ðµ Ñ‚ÐµÑÑ‚Ñ‹
------------------------------
âŒ ÐÐµÐºÐ¾Ñ‚Ð¾Ñ€Ñ‹Ðµ Ñ„ÑƒÐ½ÐºÑ†Ð¸Ð¾Ð½Ð°Ð»ÑŒÐ½Ñ‹Ðµ Ñ‚ÐµÑÑ‚Ñ‹ Ð½Ðµ Ð¿Ñ€Ð¾Ð¹Ð´ÐµÐ½Ñ‹:
""
============================= test session starts =============================
"platform win32 -- Python 3.13.5, pytest-8.4.1, pluggy-1.6.0"
rootdir: C:\Users\mira1\OneDrive\Ð”Ð¾ÐºÑƒÐ¼ÐµÐ½Ñ‚Ñ‹\ÐŸÐ¾Ð»Ð¸Ñ‚ÐµÑ…\3 ÐºÑƒÑ€Ñ\6 ÑÐµÐ¼ÐµÑÑ‚Ñ€\ÐŸÑ€Ð°ÐºÑ‚Ð¸ÐºÐ°\recom_sys_checker
collected 11 items
""
logic\tests\collaborative_tests.py ........ssF
""
================================== FAILURES ===================================
__________________________ test_evaluate_recall_at_3 __________________________
""
"task_info = {'algorithm': 'k-NN', 'dataset': 'movie_ratings.csv', 'filter_type': 'item_based', 'k': 10, ...}"
""
    def test_evaluate_recall_at_3(task_info):
"        if task_info[""metric""] != ""recall@3"":"
"            pytest.skip(""ÐœÐµÑ‚Ñ€Ð¸ÐºÐ° Ð² Ð·Ð°Ð´Ð°Ð½Ð¸Ð¸ Ð½Ðµ RMSE"")"
    
        train = get_dummy_data(seed=99)
        solution = load_solution_module()
        solution.fit(train)
    
"        user_id = train[""user_id""].iloc[0]"
        k = 3
"        # Ð”Ð²Ð° Ñ€ÐµÐ»ÐµÐ²Ð°Ð½Ñ‚Ð½Ñ‹Ñ… itemâ€™Ð°, Ð¸Ð· Ð½Ð¸Ñ… Ð¾Ð´Ð¸Ð½ Ñ€ÐµÐºÐ¾Ð¼ÐµÐ½Ð´Ð¾Ð²Ð°Ð½ â€” Ð¾Ð¶Ð¸Ð´Ð°ÐµÐ¼ recall 0.5"
        test = pd.DataFrame([
"            {""user_id"": user_id, ""item"": 115, ""rating"": 4},"
"            {""user_id"": user_id, ""item"": 116, ""rating"": 5},"
"            {""user_id"": user_id, ""item"": 117, ""rating"": 2},  # Ð½Ðµ Ñ€ÐµÐ»ÐµÐ²Ð°Ð½Ñ‚Ð½Ñ‹Ð¹"
        ])
    
"        recs = solution.recommend(user_id, k=k)"
    
"        relevant = {115, 116}"
        retrieved_relevant = len(set(recs) & relevant)
        expected_recall = retrieved_relevant / len(relevant)
    
        result = solution.evaluate(test)
    
"        assert isinstance(result, float)"
>       assert abs(result - expected_recall) < 0.01
E       assert 1.0096861277165448 < 0.01
E        +  where 1.0096861277165448 = abs((1.5096861277165448 - 0.5))
""
logic\tests\collaborative_tests.py:206: AssertionError
=========================== short test summary info ===========================
FAILED logic/tests/collaborative_tests.py::test_evaluate_recall_at_3 - assert...
"=================== 1 failed, 8 passed, 2 skipped in 1.38s ===================="
""
""
""
""
ðŸŽ¨ Ð¡Ñ‚Ð¸Ð»ÑŒ ÐºÐ¾Ð´Ð° (flake8)
------------------------------
âŒ flake8: ÐÐ°Ð¹Ð´ÐµÐ½Ñ‹ Ð¿Ñ€Ð¾Ð±Ð»ÐµÐ¼Ñ‹ ÑÐ¾ ÑÑ‚Ð¸Ð»ÐµÐ¼:
solution.py:0:1: E902 FileNotFoundError: [Errno 2] No such file or directory: 'solution.py'
""
""
ðŸ§± Ð¤Ð¾Ñ€Ð¼Ð°Ñ‚Ð¸Ñ€Ð¾Ð²Ð°Ð½Ð¸Ðµ ÐºÐ¾Ð´Ð° (black)
------------------------------
âŒ black: Ð¤Ð¾Ñ€Ð¼Ð°Ñ‚Ð¸Ñ€Ð¾Ð²Ð°Ð½Ð¸Ðµ Ð¾Ñ‚Ð»Ð¸Ñ‡Ð°ÐµÑ‚ÑÑ Ð¾Ñ‚ ÑÑ‚Ð°Ð½Ð´Ð°Ñ€Ñ‚Ð° black.
""
ðŸ“‹ ÐŸÐ¾Ð´Ñ€Ð¾Ð±Ð½Ð¾ÑÑ‚Ð¸:
